{"C:\\Users\\herma\\source\\repository\\crwn-clothing-adu-dev\\client\\src\\components\\menu-item\\menu-item.component.jsx": {"path":"C:\\Users\\herma\\source\\repository\\crwn-clothing-adu-dev\\client\\src\\components\\menu-item\\menu-item.component.jsx","statementMap":{"0":{"start":{"line":12,"column":24},"end":{"line":26,"column":1}},"1":{"start":{"line":13,"column":2},"end":{"line":25,"column":20}},"2":{"start":{"line":15,"column":19},"end":{"line":15,"column":57}}},"fnMap":{"0":{"name":"(anonymous_0)","decl":{"start":{"line":12,"column":24},"end":{"line":12,"column":25}},"loc":{"start":{"line":13,"column":2},"end":{"line":25,"column":20}},"line":13},"1":{"name":"(anonymous_1)","decl":{"start":{"line":15,"column":13},"end":{"line":15,"column":14}},"loc":{"start":{"line":15,"column":19},"end":{"line":15,"column":57}},"line":15}},"branchMap":{},"s":{"0":3,"1":3,"2":1},"f":{"0":3,"1":1},"b":{},"_coverageSchema":"43e27e138ebf9cfc5966b082cf9a028302ed4184","hash":"24ac6b3fb1638fcd0f71985be07d812ee48a3467"}
,"C:\\Users\\herma\\source\\repository\\crwn-clothing-adu-dev\\client\\src\\components\\menu-item\\menu-item.styles.jsx": {"path":"C:\\Users\\herma\\source\\repository\\crwn-clothing-adu-dev\\client\\src\\components\\menu-item\\menu-item.styles.jsx","statementMap":{"0":{"start":{"line":3,"column":33},"end":{"line":36,"column":1}},"1":{"start":{"line":4,"column":26},"end":{"line":4,"column":50}},"2":{"start":{"line":38,"column":0},"end":{"line":38,"column":52}},"3":{"start":{"line":40,"column":40},"end":{"line":46,"column":1}},"4":{"start":{"line":45,"column":40},"end":{"line":45,"column":58}},"5":{"start":{"line":48,"column":0},"end":{"line":48,"column":66}},"6":{"start":{"line":51,"column":32},"end":{"line":62,"column":1}},"7":{"start":{"line":64,"column":0},"end":{"line":64,"column":50}},"8":{"start":{"line":67,"column":28},"end":{"line":72,"column":1}},"9":{"start":{"line":74,"column":0},"end":{"line":74,"column":42}},"10":{"start":{"line":77,"column":31},"end":{"line":80,"column":1}},"11":{"start":{"line":82,"column":0},"end":{"line":82,"column":48}}},"fnMap":{"0":{"name":"(anonymous_0)","decl":{"start":{"line":4,"column":11},"end":{"line":4,"column":12}},"loc":{"start":{"line":4,"column":26},"end":{"line":4,"column":50}},"line":4},"1":{"name":"(anonymous_1)","decl":{"start":{"line":45,"column":22},"end":{"line":45,"column":23}},"loc":{"start":{"line":45,"column":40},"end":{"line":45,"column":58}},"line":45}},"branchMap":{"0":{"loc":{"start":{"line":4,"column":26},"end":{"line":4,"column":50}},"type":"cond-expr","locations":[{"start":{"line":4,"column":33},"end":{"line":4,"column":40}},{"start":{"line":4,"column":43},"end":{"line":4,"column":50}}],"line":4}},"s":{"0":3,"1":0,"2":3,"3":3,"4":0,"5":3,"6":3,"7":3,"8":3,"9":3,"10":3,"11":3},"f":{"0":0,"1":0},"b":{"0":[0,0]},"_coverageSchema":"43e27e138ebf9cfc5966b082cf9a028302ed4184","hash":"85504697b839eda3a0110305d77c027fd4641812"}
}
