{"C:\\Users\\herma\\source\\repository\\crwn-clothing-adu-dev\\client\\src\\pages\\homepage\\homepage.component.jsx": {"path":"C:\\Users\\herma\\source\\repository\\crwn-clothing-adu-dev\\client\\src\\pages\\homepage\\homepage.component.jsx","statementMap":{"0":{"start":{"line":7,"column":17},"end":{"line":11,"column":1}},"1":{"start":{"line":8,"column":2},"end":{"line":10,"column":22}}},"fnMap":{"0":{"name":"(anonymous_0)","decl":{"start":{"line":7,"column":17},"end":{"line":7,"column":18}},"loc":{"start":{"line":8,"column":2},"end":{"line":10,"column":22}},"line":8}},"branchMap":{},"s":{"0":1,"1":1},"f":{"0":1},"b":{},"_coverageSchema":"43e27e138ebf9cfc5966b082cf9a028302ed4184","hash":"4cd069e2873df21d6a2ce2fd1a41ba430413a484"}
}
