TN:
SF:C:\Users\herma\source\repository\crwn-clothing-adu-dev\client\src\components\menu-item\menu-item.component.jsx
FN:12,(anonymous_0)
FN:15,(anonymous_1)
FNF:2
FNH:2
FNDA:3,(anonymous_0)
FNDA:1,(anonymous_1)
DA:12,3
DA:13,3
DA:15,1
LF:3
LH:3
BRF:0
BRH:0
end_of_record
TN:
SF:C:\Users\herma\source\repository\crwn-clothing-adu-dev\client\src\components\menu-item\menu-item.styles.jsx
FN:4,(anonymous_0)
FN:45,(anonymous_1)
FNF:2
FNH:0
FNDA:0,(anonymous_0)
FNDA:0,(anonymous_1)
DA:3,3
DA:4,0
DA:38,3
DA:40,3
DA:45,0
DA:48,3
DA:51,3
DA:64,3
DA:67,3
DA:74,3
DA:77,3
DA:82,3
LF:12
LH:10
BRDA:4,0,0,0
BRDA:4,0,1,0
BRF:2
BRH:0
end_of_record
